#
# A fatal error has been detected by the Java Runtime Environment:
#
#  SIGSEGV (0xb) at pc=0x000000012eaa0685, pid=43815, tid=0x0000000000000307
#
# JRE version: Java(TM) SE Runtime Environment (8.0_201-b09) (build 1.8.0_201-b09)
# Java VM: Java HotSpot(TM) 64-Bit Server VM (25.201-b09 mixed mode bsd-amd64 compressed oops)
# Problematic frame:
# C  [libglass.dylib+0x5685]  -[GlassApplication applicationWillHide:]+0xd5
#
# Failed to write core dump. Core dumps have been disabled. To enable core dumping, try "ulimit -c unlimited" before starting Java again
#
# If you would like to submit a bug report, please visit:
#   http://bugreport.java.com/bugreport/crash.jsp
#

---------------  T H R E A D  ---------------

Current thread is native thread

siginfo: si_signo: 11 (SIGSEGV), si_code: 1 (SEGV_MAPERR), si_addr: 0x0000000000000000

Registers:
RAX=0x00007fe232029e70, RBX=0x0000000000000000, RCX=0x0000000000000008, RDX=0x0000000000000000
RSP=0x00007ffee096b0a0, RBP=0x00007ffee096b4d0, RSI=0x00007fff2ed2e710, RDI=0x00007fe231005088
R8 =0x0000000000000000, R9 =0x00007fe232029e70, R10=0x00007fff8c3512e8, R11=0x00007fe230c16160
R12=0x00007fff5b274680, R13=0x0000000000000000, R14=0x00007fe232057ab0, R15=0x00007fe232029e70
RIP=0x000000012eaa0685, EFLAGS=0x0000000000010202, ERR=0x0000000000000004
  TRAPNO=0x000000000000000e

Top of Stack: (sp=0x00007ffee096b0a0)
0x00007ffee096b0a0:   000000012eaa0625 00007fff30b89596
0x00007ffee096b0b0:   00007fff30b89510 00007fff30b8947a
0x00007ffee096b0c0:   00007fff30b91928 00007fff30afa384
0x00007ffee096b0d0:   00007fff30af9737 00007fff32d7f06b
0x00007ffee096b0e0:   00007fff2e1e759f 00007fff2e1e7409
0x00007ffee096b0f0:   00007fff2fe0f9fe 00007fff2fe0edaf
0x00007ffee096b100:   00007fff2fe2bf96 00007fff2e1abea5
0x00007ffee096b110:   00007fff2e1aa71f 00007fff2e1a483c
0x00007ffee096b120:   0000000131dd1f72 0000000131c6d11f
0x00007ffee096b130:   00007fff32e1d7f2 00007fff30b43083
0x00007ffee096b140:   00007fff30b43029 00007fff30b269eb
0x00007ffee096b150:   00007fff30b25fb5 00007fff30b258be
0x00007ffee096b160:   000000010f29546e 000000010f29103c
0x00007ffee096b170:   000000010f2974cb 000000010f290894
0x00007ffee096b180:   0000000000000005 0000000000000000
0x00007ffee096b190:   0000000000000000 0000000000000000
0x00007ffee096b1a0:   0000000000000000 0000000000000000
0x00007ffee096b1b0:   0000000000000000 0000000000000000
0x00007ffee096b1c0:   0000000000000000 0000000000000000
0x00007ffee096b1d0:   0000000000000000 0000000000000000
0x00007ffee096b1e0:   0000000000000000 00007fff5cbfccb7
0x00007ffee096b1f0:   0000000000000000 0000000000001400
0x00007ffee096b200:   0000000000000005 00007fff8bebf368
0x00007ffee096b210:   000000010f2afe00 000000010f2aea00
0x00007ffee096b220:   00007ffee096b2d0 00007fff5cbfc8b5
0x00007ffee096b230:   00007fff93101d40 f6bd800070001002
0x00007ffee096b240:   a3a3a3a3a3a3ffff 0000000000000002
0x00007ffee096b250:   00007fe231005068 00007fe231005000
0x00007ffee096b260:   00007ffe00000005 00007fff5b27748a
0x00007ffee096b270:   0000000000000000 0000000000000000
0x00007ffee096b280:   0000000000001400 0000000000000000
0x00007ffee096b290:   0000000000000000 0000000200000001 

Instructions: (pc=0x000000012eaa0685)
0x000000012eaa0665:   8b 35 3d 9e 03 00 4c 8b 25 0e 1b 03 00 41 ff d4
0x000000012eaa0675:   48 8b 35 dc 9d 03 00 48 89 c7 41 ff d4 49 89 c7
0x000000012eaa0685:   48 8b 03 4c 8b a8 e8 01 00 00 48 8b 05 0a b3 03
0x000000012eaa0695:   00 4d 8b 34 06 48 8b 3d 3f b0 03 00 48 8b 35 38 

Register to memory mapping:

RAX=0x00007fe232029e70 is an unknown value
RBX=0x0000000000000000 is an unknown value
RCX=0x0000000000000008 is an unknown value
RDX=0x0000000000000000 is an unknown value
RSP=0x00007ffee096b0a0 is an unknown value
RBP=0x00007ffee096b4d0 is an unknown value
RSI=0x00007fff2ed2e710: GCC_except_table7+0x24 in /System/Library/Frameworks/AppKit.framework/Versions/C/AppKit at 0x00007fff2e191000
RDI=0x00007fe231005088 is an unknown value
R8 =0x0000000000000000 is an unknown value
R9 =0x00007fe232029e70 is an unknown value
R10=0x00007fff8c3512e8: OBJC_CLASS_$_NSAutoreleasePool+0 in /System/Library/Frameworks/Foundation.framework/Versions/C/Foundation at 0x00007fff32d6d000
R11=0x00007fe230c16160 is an unknown value
R12=0x00007fff5b274680: objc_msgSend+0 in /usr/lib/libobjc.A.dylib at 0x00007fff5b26e000
R13=0x0000000000000000 is an unknown value
R14=0x00007fe232057ab0 is an unknown value
R15=0x00007fe232029e70 is an unknown value


Stack: [0x00007ffee0171000,0x00007ffee0971000],  sp=0x00007ffee096b0a0,  free space=8168k
Native frames: (J=compiled Java code, j=interpreted, Vv=VM code, C=native code)
C  [libglass.dylib+0x5685]  -[GlassApplication applicationWillHide:]+0xd5
C  [CoreFoundation+0x9e596]  __CFNOTIFICATIONCENTER_IS_CALLING_OUT_TO_AN_OBSERVER__+0xc
C  [CoreFoundation+0x9e510]  ___CFXRegistrationPost_block_invoke+0x3f
C  [CoreFoundation+0x9e47a]  _CFXRegistrationPost+0x194
C  [CoreFoundation+0xa6928]  ___CFXNotificationPost_block_invoke+0x57
C  [CoreFoundation+0xf384]  -[_CFXNotificationRegistrar find:object:observer:enumerator:]+0x66a
C  [CoreFoundation+0xe737]  _CFXNotificationPost+0x2dc
C  [Foundation+0x1206b]  -[NSNotificationCenter postNotificationName:object:userInfo:]+0x42
C  [AppKit+0x5659f]  -[NSApplication _doHideMaybeFakingIt:]+0x111
C  [AppKit+0x56409]  _hideShowHandler+0x89
C  [HIToolbox+0x89fe]  _ZL23DispatchEventToHandlersP14EventTargetRecP14OpaqueEventRefP14HandlerCallRec+0x58e
C  [HIToolbox+0x7daf]  _ZL30SendEventToEventTargetInternalP14OpaqueEventRefP20OpaqueEventTargetRefP14HandlerCallRec+0x173
C  [HIToolbox+0x24f96]  SendEventToEventTarget+0x27
C  [AppKit+0x1aea5]  _DPSNextEvent+0x8e3
C  [AppKit+0x1971f]  -[NSApplication(NSEvent) _nextEventMatchingEventMask:untilDate:inMode:dequeue:]+0x551
C  [AppKit+0x1383c]  -[NSApplication run]+0x2bb
C  [libosxapp.dylib+0x1f72]  +[NSApplicationAWT runAWTLoopWithApp:]+0x9c
C  [libawt_lwawt.dylib+0x4711f]  -[AWTStarter starter:]+0x389
C  [Foundation+0xb07f2]  __NSThreadPerformPerform+0x148
C  [CoreFoundation+0x58083]  __CFRUNLOOP_IS_CALLING_OUT_TO_A_SOURCE0_PERFORM_FUNCTION__+0x11
C  [CoreFoundation+0x58029]  __CFRunLoopDoSource0+0x6c
C  [CoreFoundation+0x3b9eb]  __CFRunLoopDoSources0+0xc3
C  [CoreFoundation+0x3afb5]  __CFRunLoopRun+0x4a5
C  [CoreFoundation+0x3a8be]  CFRunLoopRunSpecific+0x1c7
C  [java+0x646e]  CreateExecutionEnvironment+0x367
C  [java+0x203c]  JLI_Launch+0x7a0
C  [java+0x84cb]  main+0x65
C  [java+0x1894]  start+0x34


---------------  P R O C E S S  ---------------

VM state:not at safepoint (normal execution)

VM Mutex/Monitor currently owned by a thread: None

heap address: 0x00000006c0000000, size: 4096 MB, Compressed Oops mode: Zero based, Oop shift amount: 3
Narrow klass base: 0x0000000000000000, Narrow klass shift: 3
Compressed class space size: 1073741824 Address: 0x00000007c0000000

Heap:
 PSYoungGen      total 76288K, used 33395K [0x000000076ab00000, 0x0000000770000000, 0x00000007c0000000)
  eden space 65536K, 50% used [0x000000076ab00000,0x000000076cb9cfc0,0x000000076eb00000)
  from space 10752K, 0% used [0x000000076f580000,0x000000076f580000,0x0000000770000000)
  to   space 10752K, 0% used [0x000000076eb00000,0x000000076eb00000,0x000000076f580000)
 ParOldGen       total 175104K, used 0K [0x00000006c0000000, 0x00000006cab00000, 0x000000076ab00000)
  object space 175104K, 0% used [0x00000006c0000000,0x00000006c0000000,0x00000006cab00000)
 Metaspace       used 14434K, capacity 15052K, committed 15232K, reserved 1062912K
  class space    used 1925K, capacity 2105K, committed 2176K, reserved 1048576K

Card table byte_map: [0x0000000120979000,0x000000012117a000] byte_map_base: 0x000000011d379000

Marking Bits: (ParMarkBitMap*) 0x0000000110efbe40
 Begin Bits: [0x00000001216d0000, 0x00000001256d0000)
 End Bits:   [0x00000001256d0000, 0x00000001296d0000)

Polling page: 0x000000010f30c000

CodeCache: size=245760Kb used=3574Kb max_used=3593Kb free=242185Kb
 bounds [0x00000001115b9000, 0x0000000111949000, 0x00000001205b9000]
 total_blobs=1570 nmethods=971 adapters=513
 compilation: enabled

Compilation events (10 events):
Event: 9.091 Thread 0x00007fe23303a800  971       3       java.util.logging.LogManager::access$100 (4 bytes)
Event: 9.091 Thread 0x00007fe23303a800 nmethod 971 0x000000011192b410 code [0x000000011192b560, 0x000000011192b690]
Event: 9.092 Thread 0x00007fe232826000 nmethod 955 0x000000011192fd50 code [0x0000000111930020, 0x00000001119319e8]
Event: 9.092 Thread 0x00007fe232826000  959       4       java.lang.String::endsWith (17 bytes)
Event: 9.094 Thread 0x00007fe232826000 nmethod 959 0x000000011192cb50 code [0x000000011192cca0, 0x000000011192ce78]
Event: 9.094 Thread 0x00007fe232826000  964       4       java.lang.String::startsWith (7 bytes)
Event: 9.095 Thread 0x00007fe232825000 nmethod 956 0x0000000111935ed0 code [0x00000001119361a0, 0x0000000111937b88]
Event: 9.096 Thread 0x00007fe232826000 nmethod 964 0x000000011192c6d0 code [0x000000011192c820, 0x000000011192c9d8]
Event: 9.114 Thread 0x00007fe23303a800  972       1       java.nio.charset.Charset::name (5 bytes)
Event: 9.114 Thread 0x00007fe23303a800 nmethod 972 0x000000011192c410 code [0x000000011192c560, 0x000000011192c670]

GC Heap History (0 events):
No events

Deoptimization events (10 events):
Event: 0.723 Thread 0x00007fe231942000 Uncommon trap: reason=class_check action=maybe_recompile pc=0x0000000111828984 method=java.io.DataInputStream.readShort()S @ 4
Event: 0.723 Thread 0x00007fe231942000 Uncommon trap: reason=class_check action=maybe_recompile pc=0x0000000111828984 method=java.io.DataInputStream.readShort()S @ 4
Event: 0.723 Thread 0x00007fe231942000 Uncommon trap: reason=class_check action=maybe_recompile pc=0x0000000111828984 method=java.io.DataInputStream.readShort()S @ 4
Event: 0.726 Thread 0x00007fe231942000 Uncommon trap: reason=class_check action=maybe_recompile pc=0x00000001116d7b08 method=java.lang.String.equals(Ljava/lang/Object;)Z @ 8
Event: 0.726 Thread 0x00007fe231942000 Uncommon trap: reason=class_check action=maybe_recompile pc=0x00000001116d7b08 method=java.lang.String.equals(Ljava/lang/Object;)Z @ 8
Event: 0.726 Thread 0x00007fe231942000 Uncommon trap: reason=class_check action=maybe_recompile pc=0x00000001116d7b08 method=java.lang.String.equals(Ljava/lang/Object;)Z @ 8
Event: 0.879 Thread 0x00007fe231942000 Uncommon trap: reason=unstable_if action=reinterpret pc=0x00000001117c7c60 method=java.lang.CharacterData.of(I)Ljava/lang/CharacterData; @ 4
Event: 0.915 Thread 0x00007fe231942000 Uncommon trap: reason=unstable_if action=reinterpret pc=0x00000001118cac44 method=java.util.HashMap.putVal(ILjava/lang/Object;Ljava/lang/Object;ZZ)Ljava/lang/Object; @ 193
Event: 0.915 Thread 0x00007fe231942000 Uncommon trap: reason=unstable_if action=reinterpret pc=0x00000001118c4cd8 method=java.util.HashMap.putVal(ILjava/lang/Object;Ljava/lang/Object;ZZ)Ljava/lang/Object; @ 193
Event: 1.058 Thread 0x00007fe235000800 Uncommon trap: reason=unstable_if action=reinterpret pc=0x000000011187fa94 method=sun.net.www.ParseUtil.encodePath(Ljava/lang/String;Z)Ljava/lang/String; @ 109

Classes redefined (0 events):
No events

Internal exceptions (10 events):
Event: 0.134 Thread 0x00007fe233002000 Exception <a 'java/security/PrivilegedActionException'> (0x000000076ae8c480) thrown at [/Users/java_re/workspace/8-2-build-macosx-x86_64/jdk8u201/12322/hotspot/src/share/vm/prims/jvm.cpp, line 1502]
Event: 0.134 Thread 0x00007fe233002000 Exception <a 'java/security/PrivilegedActionException'> (0x000000076ae8f7b0) thrown at [/Users/java_re/workspace/8-2-build-macosx-x86_64/jdk8u201/12322/hotspot/src/share/vm/prims/jvm.cpp, line 1502]
Event: 0.134 Thread 0x00007fe233002000 Exception <a 'java/security/PrivilegedActionException'> (0x000000076ae8f9c0) thrown at [/Users/java_re/workspace/8-2-build-macosx-x86_64/jdk8u201/12322/hotspot/src/share/vm/prims/jvm.cpp, line 1502]
Event: 0.134 Thread 0x00007fe233002000 Exception <a 'java/lang/NullPointerException'> (0x000000076ae901b0) thrown at [/Users/java_re/workspace/8-2-build-macosx-x86_64/jdk8u201/12322/hotspot/src/share/vm/interpreter/linkResolver.cpp, line 1185]
Event: 0.472 Thread 0x00007fe231942000 Exception <a 'java/lang/NullPointerException'> (0x000000076bbc9868) thrown at [/Users/java_re/workspace/8-2-build-macosx-x86_64/jdk8u201/12322/hotspot/src/share/vm/interpreter/linkResolver.cpp, line 1185]
Event: 0.472 Thread 0x00007fe231942000 Exception <a 'java/lang/NullPointerException'> (0x000000076bbc9868) thrown at [/Users/java_re/workspace/8-2-build-macosx-x86_64/jdk8u201/12322/hotspot/src/share/vm/prims/jvm.cpp, line 1506]
Event: 0.556 Thread 0x00007fe231942000 Exception <a 'java/lang/ArrayIndexOutOfBoundsException'> (0x000000076c06c378) thrown at [/Users/java_re/workspace/8-2-build-macosx-x86_64/jdk8u201/12322/hotspot/src/share/vm/runtime/sharedRuntime.cpp, line 605]
Event: 0.556 Thread 0x00007fe231942000 Exception <a 'java/lang/ArrayIndexOutOfBoundsException'> (0x000000076c06ce90) thrown at [/Users/java_re/workspace/8-2-build-macosx-x86_64/jdk8u201/12322/hotspot/src/share/vm/runtime/sharedRuntime.cpp, line 605]
Event: 0.556 Thread 0x00007fe231942000 Exception <a 'java/lang/ArrayIndexOutOfBoundsException'> (0x000000076c06e238) thrown at [/Users/java_re/workspace/8-2-build-macosx-x86_64/jdk8u201/12322/hotspot/src/share/vm/runtime/sharedRuntime.cpp, line 605]
Event: 0.689 Thread 0x00007fe231942000 Exception <a 'java/io/FileNotFoundException'> (0x000000076c438018) thrown at [/Users/java_re/workspace/8-2-build-macosx-x86_64/jdk8u201/12322/hotspot/src/share/vm/prims/jni.cpp, line 709]

Events (10 events):
Event: 9.113 loading class java/lang/ProcessEnvironment$Variable
Event: 9.113 loading class java/lang/ProcessEnvironment$ExternalData
Event: 9.113 loading class java/lang/ProcessEnvironment$ExternalData done
Event: 9.113 loading class java/lang/ProcessEnvironment$Variable done
Event: 9.114 loading class java/lang/ProcessEnvironment$Value
Event: 9.114 loading class java/lang/ProcessEnvironment$Value done
Event: 9.114 loading class java/lang/ProcessEnvironment$StringEnvironment
Event: 9.114 loading class java/lang/ProcessEnvironment$StringEnvironment done
Event: 9.114 loading class java/util/Collections$UnmodifiableMap
Event: 9.114 loading class java/util/Collections$UnmodifiableMap done


Dynamic libraries:
0x00007fff30303000 	/System/Library/Frameworks/Cocoa.framework/Versions/A/Cocoa
0x00007fff3c01b000 	/System/Library/Frameworks/Security.framework/Versions/A/Security
0x00007fff2ef98000 	/System/Library/Frameworks/ApplicationServices.framework/Versions/A/ApplicationServices
0x00007fff5c0dd000 	/usr/lib/libz.1.dylib
0x00007fff59a37000 	/usr/lib/libSystem.B.dylib
0x00007fff5b26e000 	/usr/lib/libobjc.A.dylib
0x00007fff30aeb000 	/System/Library/Frameworks/CoreFoundation.framework/Versions/A/CoreFoundation
0x00007fff32d6d000 	/System/Library/Frameworks/Foundation.framework/Versions/C/Foundation
0x00007fff2e191000 	/System/Library/Frameworks/AppKit.framework/Versions/C/AppKit
0x00007fff3067e000 	/System/Library/Frameworks/CoreData.framework/Versions/A/CoreData
0x00007fff5350a000 	/System/Library/PrivateFrameworks/RemoteViewServices.framework/Versions/A/RemoteViewServices
0x00007fff57777000 	/System/Library/PrivateFrameworks/UIFoundation.framework/Versions/A/UIFoundation
0x00007fff58e59000 	/System/Library/PrivateFrameworks/XCTTargetBootstrap.framework/Versions/A/XCTTargetBootstrap
0x00007fff30a03000 	/System/Library/Frameworks/CoreDisplay.framework/Versions/A/CoreDisplay
0x00007fff4e261000 	/System/Library/PrivateFrameworks/IconServices.framework/Versions/A/IconServices
0x00007fff35691000 	/System/Library/Frameworks/Metal.framework/Versions/A/Metal
0x00007fff457dc000 	/System/Library/PrivateFrameworks/DesktopServicesPriv.framework/Versions/A/DesktopServicesPriv
0x00007fff5a5d1000 	/usr/lib/libenergytrace.dylib
0x00007fff55c60000 	/System/Library/PrivateFrameworks/SkyLight.framework/Versions/A/SkyLight
0x00007fff30f31000 	/System/Library/Frameworks/CoreGraphics.framework/Versions/A/CoreGraphics
0x00007fff2cf5d000 	/System/Library/Frameworks/Accelerate.framework/Versions/A/Accelerate
0x00007fff334b5000 	/System/Library/Frameworks/IOSurface.framework/Versions/A/IOSurface
0x00007fff45648000 	/System/Library/PrivateFrameworks/DFRFoundation.framework/Versions/A/DFRFoundation
0x00007fff2f47b000 	/System/Library/Frameworks/AudioToolbox.framework/Versions/A/AudioToolbox
0x00007fff2f6f4000 	/System/Library/Frameworks/AudioUnit.framework/Versions/A/AudioUnit
0x00007fff456dd000 	/System/Library/PrivateFrameworks/DataDetectorsCore.framework/Versions/A/DataDetectorsCore
0x00007fff2fe07000 	/System/Library/Frameworks/Carbon.framework/Versions/A/Frameworks/HIToolbox.framework/Versions/A/HIToolbox
0x00007fff5a72a000 	/usr/lib/libicucore.A.dylib
0x00007fff3b590000 	/System/Library/Frameworks/QuartzCore.framework/Versions/A/QuartzCore
0x00007fff301db000 	/System/Library/Frameworks/Carbon.framework/Versions/A/Frameworks/SpeechRecognition.framework/Versions/A/SpeechRecognition
0x00007fff59b8b000 	/usr/lib/libauto.dylib
0x00007fff5bfd1000 	/usr/lib/libxml2.2.dylib
0x00007fff45225000 	/System/Library/PrivateFrameworks/CoreUI.framework/Versions/A/CoreUI
0x00007fff30569000 	/System/Library/Frameworks/CoreAudio.framework/Versions/A/CoreAudio
0x00007fff32ba2000 	/System/Library/Frameworks/DiskArbitration.framework/Versions/A/DiskArbitration
0x00007fff5a9d8000 	/usr/lib/liblangid.dylib
0x00007fff4f66f000 	/System/Library/PrivateFrameworks/MultitouchSupport.framework/Versions/A/MultitouchSupport
0x00007fff33424000 	/System/Library/Frameworks/IOKit.framework/Versions/A/IOKit
0x00007fff595f8000 	/usr/lib/libDiagnosticMessagesClient.dylib
0x00007fff31d40000 	/System/Library/Frameworks/CoreServices.framework/Versions/A/CoreServices
0x00007fff51316000 	/System/Library/PrivateFrameworks/PerformanceAnalysis.framework/Versions/A/PerformanceAnalysis
0x00007fff3a77e000 	/System/Library/Frameworks/OpenGL.framework/Versions/A/OpenGL
0x00007fff30311000 	/System/Library/Frameworks/ColorSync.framework/Versions/A/ColorSync
0x00007fff315c2000 	/System/Library/Frameworks/CoreImage.framework/Versions/A/CoreImage
0x00007fff32719000 	/System/Library/Frameworks/CoreText.framework/Versions/A/CoreText
0x00007fff33518000 	/System/Library/Frameworks/ImageIO.framework/Versions/A/ImageIO
0x00007fff4187a000 	/System/Library/PrivateFrameworks/Backup.framework/Versions/A/Backup
0x00007fff59ade000 	/usr/lib/libarchive.2.dylib
0x00007fff2fa4c000 	/System/Library/Frameworks/CFNetwork.framework/Versions/A/CFNetwork
0x00007fff3c775000 	/System/Library/Frameworks/SystemConfiguration.framework/Versions/A/SystemConfiguration
0x00007fff59529000 	/usr/lib/libCRFSuite.dylib
0x00007fff59c7a000 	/usr/lib/libc++.1.dylib
0x00007fff59cce000 	/usr/lib/libc++abi.dylib
0x00007fff5c8d3000 	/usr/lib/system/libcache.dylib
0x00007fff5c8d8000 	/usr/lib/system/libcommonCrypto.dylib
0x00007fff5c8e3000 	/usr/lib/system/libcompiler_rt.dylib
0x00007fff5c8eb000 	/usr/lib/system/libcopyfile.dylib
0x00007fff5c8f5000 	/usr/lib/system/libcorecrypto.dylib
0x00007fff5ca00000 	/usr/lib/system/libdispatch.dylib
0x00007fff5ca3a000 	/usr/lib/system/libdyld.dylib
0x00007fff5ca67000 	/usr/lib/system/libkeymgr.dylib
0x00007fff5ca75000 	/usr/lib/system/liblaunch.dylib
0x00007fff5ca76000 	/usr/lib/system/libmacho.dylib
0x00007fff5ca7c000 	/usr/lib/system/libquarantine.dylib
0x00007fff5ca7f000 	/usr/lib/system/libremovefile.dylib
0x00007fff5ca81000 	/usr/lib/system/libsystem_asl.dylib
0x00007fff5ca99000 	/usr/lib/system/libsystem_blocks.dylib
0x00007fff5ca9a000 	/usr/lib/system/libsystem_c.dylib
0x00007fff5cb22000 	/usr/lib/system/libsystem_configuration.dylib
0x00007fff5cb26000 	/usr/lib/system/libsystem_coreservices.dylib
0x00007fff5cb2a000 	/usr/lib/system/libsystem_darwin.dylib
0x00007fff5cb31000 	/usr/lib/system/libsystem_dnssd.dylib
0x00007fff5cb38000 	/usr/lib/system/libsystem_info.dylib
0x00007fff5cbad000 	/usr/lib/system/libsystem_m.dylib
0x00007fff5cbf9000 	/usr/lib/system/libsystem_malloc.dylib
0x00007fff5cc24000 	/usr/lib/system/libsystem_networkextension.dylib
0x00007fff5cc2f000 	/usr/lib/system/libsystem_notify.dylib
0x00007fff5cc4c000 	/usr/lib/system/libsystem_sandbox.dylib
0x00007fff5cc50000 	/usr/lib/system/libsystem_secinit.dylib
0x00007fff5cb84000 	/usr/lib/system/libsystem_kernel.dylib
0x00007fff5cc37000 	/usr/lib/system/libsystem_platform.dylib
0x00007fff5cc41000 	/usr/lib/system/libsystem_pthread.dylib
0x00007fff5cc53000 	/usr/lib/system/libsystem_symptoms.dylib
0x00007fff5cc5b000 	/usr/lib/system/libsystem_trace.dylib
0x00007fff5cc72000 	/usr/lib/system/libunwind.dylib
0x00007fff5cc78000 	/usr/lib/system/libxpc.dylib
0x00007fff59c5b000 	/usr/lib/libbsm.0.dylib
0x00007fff5ca68000 	/usr/lib/system/libkxld.dylib
0x00007fff40c6b000 	/System/Library/PrivateFrameworks/AppleFSCompression.framework/Versions/A/AppleFSCompression
0x00007fff598f7000 	/usr/lib/libOpenScriptingUtil.dylib
0x00007fff59f83000 	/usr/lib/libcoretls.dylib
0x00007fff59f9a000 	/usr/lib/libcoretls_cfhelpers.dylib
0x00007fff5ba05000 	/usr/lib/libpam.2.dylib
0x00007fff5bbc5000 	/usr/lib/libsqlite3.dylib
0x00007fff5bfbf000 	/usr/lib/libxar.1.dylib
0x00007fff59c6c000 	/usr/lib/libbz2.1.0.dylib
0x00007fff5a9da000 	/usr/lib/liblzma.5.dylib
0x00007fff5ae8b000 	/usr/lib/libnetwork.dylib
0x00007fff59ac7000 	/usr/lib/libapple_nghttp2.dylib
0x00007fff5ba0c000 	/usr/lib/libpcap.A.dylib
0x00007fff320df000 	/System/Library/Frameworks/CoreServices.framework/Versions/A/Frameworks/FSEvents.framework/Versions/A/FSEvents
0x00007fff31dbe000 	/System/Library/Frameworks/CoreServices.framework/Versions/A/Frameworks/CarbonCore.framework/Versions/A/CarbonCore
0x00007fff3229b000 	/System/Library/Frameworks/CoreServices.framework/Versions/A/Frameworks/Metadata.framework/Versions/A/Metadata
0x00007fff3233a000 	/System/Library/Frameworks/CoreServices.framework/Versions/A/Frameworks/OSServices.framework/Versions/A/OSServices
0x00007fff32385000 	/System/Library/Frameworks/CoreServices.framework/Versions/A/Frameworks/SearchKit.framework/Versions/A/SearchKit
0x00007fff31d41000 	/System/Library/Frameworks/CoreServices.framework/Versions/A/Frameworks/AE.framework/Versions/A/AE
0x00007fff320e8000 	/System/Library/Frameworks/CoreServices.framework/Versions/A/Frameworks/LaunchServices.framework/Versions/A/LaunchServices
0x00007fff32096000 	/System/Library/Frameworks/CoreServices.framework/Versions/A/Frameworks/DictionaryServices.framework/Versions/A/DictionaryServices
0x00007fff323ed000 	/System/Library/Frameworks/CoreServices.framework/Versions/A/Frameworks/SharedFileList.framework/Versions/A/SharedFileList
0x00007fff36759000 	/System/Library/Frameworks/NetFS.framework/Versions/A/NetFS
0x00007fff4f8d5000 	/System/Library/PrivateFrameworks/NetAuth.framework/Versions/A/NetAuth
0x00007fff5925d000 	/System/Library/PrivateFrameworks/login.framework/Versions/A/Frameworks/loginsupport.framework/Versions/A/loginsupport
0x00007fff57380000 	/System/Library/PrivateFrameworks/TCC.framework/Versions/A/TCC
0x00007fff44882000 	/System/Library/PrivateFrameworks/CoreNLP.framework/Versions/A/CoreNLP
0x00007fff4f368000 	/System/Library/PrivateFrameworks/MetadataUtilities.framework/Versions/A/MetadataUtilities
0x00007fff5aaaf000 	/usr/lib/libmecabra.dylib
0x00007fff2ef99000 	/System/Library/Frameworks/ApplicationServices.framework/Versions/A/Frameworks/ATS.framework/Versions/A/ATS
0x00007fff2f2e8000 	/System/Library/Frameworks/ApplicationServices.framework/Versions/A/Frameworks/ColorSyncLegacy.framework/Versions/A/ColorSyncLegacy
0x00007fff2f387000 	/System/Library/Frameworks/ApplicationServices.framework/Versions/A/Frameworks/HIServices.framework/Versions/A/HIServices
0x00007fff2f3da000 	/System/Library/Frameworks/ApplicationServices.framework/Versions/A/Frameworks/LangAnalysis.framework/Versions/A/LangAnalysis
0x00007fff2f3ea000 	/System/Library/Frameworks/ApplicationServices.framework/Versions/A/Frameworks/PrintCore.framework/Versions/A/PrintCore
0x00007fff2f434000 	/System/Library/Frameworks/ApplicationServices.framework/Versions/A/Frameworks/QD.framework/Versions/A/QD
0x00007fff2f46e000 	/System/Library/Frameworks/ApplicationServices.framework/Versions/A/Frameworks/SpeechSynthesis.framework/Versions/A/SpeechSynthesis
0x00007fff59cf6000 	/usr/lib/libcompression.dylib
0x00007fff35961000 	/System/Library/Frameworks/MetalPerformanceShaders.framework/Versions/A/MetalPerformanceShaders
0x00007fff2cf75000 	/System/Library/Frameworks/Accelerate.framework/Versions/A/Frameworks/vImage.framework/Versions/A/vImage
0x00007fff2dfef000 	/System/Library/Frameworks/Accelerate.framework/Versions/A/Frameworks/vecLib.framework/Versions/A/vecLib
0x00007fff2df3b000 	/System/Library/Frameworks/Accelerate.framework/Versions/A/Frameworks/vecLib.framework/Versions/A/libvMisc.dylib
0x00007fff2dd53000 	/System/Library/Frameworks/Accelerate.framework/Versions/A/Frameworks/vecLib.framework/Versions/A/libvDSP.dylib
0x00007fff2d60f000 	/System/Library/Frameworks/Accelerate.framework/Versions/A/Frameworks/vecLib.framework/Versions/A/libBLAS.dylib
0x00007fff2d8fc000 	/System/Library/Frameworks/Accelerate.framework/Versions/A/Frameworks/vecLib.framework/Versions/A/libLAPACK.dylib
0x00007fff2dca6000 	/System/Library/Frameworks/Accelerate.framework/Versions/A/Frameworks/vecLib.framework/Versions/A/libLinearAlgebra.dylib
0x00007fff2dd3f000 	/System/Library/Frameworks/Accelerate.framework/Versions/A/Frameworks/vecLib.framework/Versions/A/libSparseBLAS.dylib
0x00007fff2dcbc000 	/System/Library/Frameworks/Accelerate.framework/Versions/A/Frameworks/vecLib.framework/Versions/A/libQuadrature.dylib
0x00007fff2d889000 	/System/Library/Frameworks/Accelerate.framework/Versions/A/Frameworks/vecLib.framework/Versions/A/libBNNS.dylib
0x00007fff2dcc2000 	/System/Library/Frameworks/Accelerate.framework/Versions/A/Frameworks/vecLib.framework/Versions/A/libSparse.dylib
0x00007fff4bbc4000 	/System/Library/PrivateFrameworks/GPUWrangler.framework/Versions/A/GPUWrangler
0x00007fff4de96000 	/System/Library/PrivateFrameworks/IOAccelerator.framework/Versions/A/IOAccelerator
0x00007fff4dea1000 	/System/Library/PrivateFrameworks/IOPresentment.framework/Versions/A/IOPresentment
0x00007fff45658000 	/System/Library/PrivateFrameworks/DSExternalDisplay.framework/Versions/A/DSExternalDisplay
0x00007fff39bd5000 	/System/Library/Frameworks/OpenGL.framework/Versions/A/Libraries/libCoreFSCache.dylib
0x00007fff35755000 	/System/Library/Frameworks/MetalPerformanceShaders.framework/Frameworks/MPSCore.framework/Versions/A/MPSCore
0x00007fff35775000 	/System/Library/Frameworks/MetalPerformanceShaders.framework/Frameworks/MPSImage.framework/Versions/A/MPSImage
0x00007fff3581a000 	/System/Library/Frameworks/MetalPerformanceShaders.framework/Frameworks/MPSNeuralNetwork.framework/Versions/A/MPSNeuralNetwork
0x00007fff357f2000 	/System/Library/Frameworks/MetalPerformanceShaders.framework/Frameworks/MPSMatrix.framework/Versions/A/MPSMatrix
0x00007fff35946000 	/System/Library/Frameworks/MetalPerformanceShaders.framework/Frameworks/MPSRayIntersector.framework/Versions/A/MPSRayIntersector
0x00007fff4f391000 	/System/Library/PrivateFrameworks/MetalTools.framework/Versions/A/MetalTools
0x00007fff40518000 	/System/Library/PrivateFrameworks/AggregateDictionary.framework/Versions/A/AggregateDictionary
0x00007fff598d8000 	/usr/lib/libMobileGestalt.dylib
0x00007fff3287c000 	/System/Library/Frameworks/CoreVideo.framework/Versions/A/CoreVideo
0x00007fff4c9d4000 	/System/Library/PrivateFrameworks/GraphVisualizer.framework/Versions/A/GraphVisualizer
0x00007fff46854000 	/System/Library/PrivateFrameworks/FaceCore.framework/Versions/A/FaceCore
0x00007fff39203000 	/System/Library/Frameworks/OpenCL.framework/Versions/A/OpenCL
0x00007fff59630000 	/usr/lib/libFosl_dynamic.dylib
0x00007fff50140000 	/System/Library/PrivateFrameworks/OTSVG.framework/Versions/A/OTSVG
0x00007fff2f09d000 	/System/Library/Frameworks/ApplicationServices.framework/Versions/A/Frameworks/ATS.framework/Versions/A/Resources/libFontParser.dylib
0x00007fff2f1b5000 	/System/Library/Frameworks/ApplicationServices.framework/Versions/A/Frameworks/ATS.framework/Versions/A/Resources/libFontRegistry.dylib
0x00007fff33786000 	/System/Library/Frameworks/ImageIO.framework/Versions/A/Resources/libJPEG.dylib
0x00007fff33a98000 	/System/Library/Frameworks/ImageIO.framework/Versions/A/Resources/libTIFF.dylib
0x00007fff33a6e000 	/System/Library/Frameworks/ImageIO.framework/Versions/A/Resources/libPng.dylib
0x00007fff336a4000 	/System/Library/Frameworks/ImageIO.framework/Versions/A/Resources/libGIF.dylib
0x00007fff336a9000 	/System/Library/Frameworks/ImageIO.framework/Versions/A/Resources/libJP2.dylib
0x00007fff33a95000 	/System/Library/Frameworks/ImageIO.framework/Versions/A/Resources/libRadiance.dylib
0x00007fff40dc2000 	/System/Library/PrivateFrameworks/AppleJPEG.framework/Versions/A/AppleJPEG
0x00007fff39be0000 	/System/Library/Frameworks/OpenGL.framework/Versions/A/Libraries/libGFXShared.dylib
0x00007fff39da3000 	/System/Library/Frameworks/OpenGL.framework/Versions/A/Libraries/libGLU.dylib
0x00007fff39be9000 	/System/Library/Frameworks/OpenGL.framework/Versions/A/Libraries/libGL.dylib
0x00007fff39bf5000 	/System/Library/Frameworks/OpenGL.framework/Versions/A/Libraries/libGLImage.dylib
0x00007fff39bd2000 	/System/Library/Frameworks/OpenGL.framework/Versions/A/Libraries/libCVMSPluginSupport.dylib
0x00007fff39bdb000 	/System/Library/Frameworks/OpenGL.framework/Versions/A/Libraries/libCoreVMClient.dylib
0x00007fff5a447000 	/usr/lib/libcups.2.dylib
0x00007fff34c5c000 	/System/Library/Frameworks/Kerberos.framework/Versions/A/Kerberos
0x00007fff33189000 	/System/Library/Frameworks/GSS.framework/Versions/A/GSS
0x00007fff5bb5a000 	/usr/lib/libresolv.9.dylib
0x00007fff5a639000 	/usr/lib/libiconv.2.dylib
0x00007fff4cb33000 	/System/Library/PrivateFrameworks/Heimdal.framework/Versions/A/Heimdal
0x00007fff5a609000 	/usr/lib/libheimdal-asn1.dylib
0x00007fff39277000 	/System/Library/Frameworks/OpenDirectory.framework/Versions/A/OpenDirectory
0x00007fff435e7000 	/System/Library/PrivateFrameworks/CommonAuth.framework/Versions/A/CommonAuth
0x00007fff3925b000 	/System/Library/Frameworks/OpenDirectory.framework/Versions/A/Frameworks/CFOpenDirectory.framework/Versions/A/CFOpenDirectory
0x00007fff3c31b000 	/System/Library/Frameworks/SecurityFoundation.framework/Versions/A/SecurityFoundation
0x00007fff3fa61000 	/System/Library/PrivateFrameworks/APFS.framework/Versions/A/APFS
0x00007fff5bfbb000 	/usr/lib/libutil.dylib
0x00007fff59ce4000 	/usr/lib/libcharset.1.dylib
0x00007fff4105f000 	/System/Library/PrivateFrameworks/AppleSauce.framework/Versions/A/AppleSauce
0x00007fff411e0000 	/System/Library/PrivateFrameworks/AssertionServices.framework/Versions/A/AssertionServices
0x00007fff41910000 	/System/Library/PrivateFrameworks/BaseBoard.framework/Versions/A/BaseBoard
0x00007fff5aa0a000 	/usr/lib/libmecab.1.0.0.dylib
0x00007fff5a603000 	/usr/lib/libgermantok.dylib
0x00007fff59ab4000 	/usr/lib/libThaiTokenizer.dylib
0x00007fff59560000 	/usr/lib/libChineseTokenizer.dylib
0x00007fff4e54f000 	/System/Library/PrivateFrameworks/LanguageModeling.framework/Versions/A/LanguageModeling
0x00007fff442c8000 	/System/Library/PrivateFrameworks/CoreEmoji.framework/Versions/A/CoreEmoji
0x00007fff4e62b000 	/System/Library/PrivateFrameworks/Lexicon.framework/Versions/A/Lexicon
0x00007fff4e66e000 	/System/Library/PrivateFrameworks/LinguisticData.framework/Versions/A/LinguisticData
0x00007fff59ce5000 	/usr/lib/libcmph.dylib
0x00007fff3c3d9000 	/System/Library/Frameworks/ServiceManagement.framework/Versions/A/ServiceManagement
0x00007fff41871000 	/System/Library/PrivateFrameworks/BackgroundTaskManagement.framework/Versions/A/BackgroundTaskManagement
0x00007fff5c0b4000 	/usr/lib/libxslt.1.dylib
0x00007fff30108000 	/System/Library/Frameworks/Carbon.framework/Versions/A/Frameworks/Ink.framework/Versions/A/Ink
0x00007fff575f2000 	/System/Library/PrivateFrameworks/TextureIO.framework/Versions/A/TextureIO
0x00007fff59b08000 	/usr/lib/libate.dylib
0x00007fff455a7000 	/System/Library/PrivateFrameworks/CrashReporterSupport.framework/Versions/A/CrashReporterSupport
0x00007fff54d31000 	/System/Library/PrivateFrameworks/Sharing.framework/Versions/A/Sharing
0x00007fff415c3000 	/System/Library/PrivateFrameworks/AuthKit.framework/Versions/A/AuthKit
0x00007fff40b17000 	/System/Library/PrivateFrameworks/Apple80211.framework/Versions/A/Apple80211
0x00007fff45351000 	/System/Library/PrivateFrameworks/CoreUtils.framework/Versions/A/CoreUtils
0x00007fff328bc000 	/System/Library/Frameworks/CoreWLAN.framework/Versions/A/CoreWLAN
0x00007fff332b8000 	/System/Library/Frameworks/IOBluetooth.framework/Versions/A/IOBluetooth
0x00007fff531b5000 	/System/Library/PrivateFrameworks/ProtocolBuffer.framework/Versions/A/ProtocolBuffer
0x00007fff4f5cb000 	/System/Library/PrivateFrameworks/MobileKeyBag.framework/Versions/A/MobileKeyBag
0x00007fff44b95000 	/System/Library/PrivateFrameworks/CorePhoneNumbers.framework/Versions/A/CorePhoneNumbers
0x00007fff40d76000 	/System/Library/PrivateFrameworks/AppleIDAuthSupport.framework/Versions/A/AppleIDAuthSupport
0x00007fff4e522000 	/System/Library/PrivateFrameworks/KeychainCircle.framework/Versions/A/KeychainCircle
0x00007fff5336b000 	/System/Library/PrivateFrameworks/ROCKit.framework/Versions/A/ROCKit
0x00007fff45543000 	/System/Library/PrivateFrameworks/CoreWiFi.framework/Versions/A/CoreWiFi
0x00007fff30653000 	/System/Library/Frameworks/CoreBluetooth.framework/Versions/A/CoreBluetooth
0x00007fff4579e000 	/System/Library/PrivateFrameworks/DebugSymbols.framework/Versions/A/DebugSymbols
0x00007fff45111000 	/System/Library/PrivateFrameworks/CoreSymbolication.framework/Versions/A/CoreSymbolication
0x00007fff56e0d000 	/System/Library/PrivateFrameworks/Symbolication.framework/Versions/A/Symbolication
0x00007fff566b0000 	/System/Library/PrivateFrameworks/SpeechRecognitionCore.framework/Versions/A/SpeechRecognitionCore
0x0000000110600000 	/Library/Java/JavaVirtualMachines/jdk1.8.0_201.jdk/Contents/Home/jre/lib/server/libjvm.dylib
0x00007fff5be96000 	/usr/lib/libstdc++.6.dylib
0x000000010f2c8000 	/Library/Java/JavaVirtualMachines/jdk1.8.0_201.jdk/Contents/Home/jre/lib/libverify.dylib
0x000000010f2d6000 	/Library/Java/JavaVirtualMachines/jdk1.8.0_201.jdk/Contents/Home/jre/lib/libjava.dylib
0x000000010f356000 	/Library/Java/JavaVirtualMachines/jdk1.8.0_201.jdk/Contents/Home/jre/lib/libzip.dylib
0x000000012c606000 	/Library/Java/JavaVirtualMachines/jdk1.8.0_201.jdk/Contents/Home/jre/lib/libprism_es2.dylib
0x00007fff44d19000 	/System/Library/PrivateFrameworks/CoreServicesInternal.framework/Versions/A/CoreServicesInternal
0x00007fff3a78e000 	/System/Library/Frameworks/OpenGL.framework/Versions/A/Resources/GLEngine.bundle/GLEngine
0x00007fff39c30000 	/System/Library/Frameworks/OpenGL.framework/Versions/A/Libraries/libGLProgrammability.dylib
0x00007fff28da6000 	/System/Library/Extensions/AppleIntelHD5000GraphicsGLDriver.bundle/Contents/MacOS/AppleIntelHD5000GraphicsGLDriver
0x00007fff4bbb8000 	/System/Library/PrivateFrameworks/GPUSupport.framework/Versions/A/Libraries/libGPUSupportMercury.dylib
0x00007fff2ba0e000 	/System/Library/Extensions/GeForceGLDriver.bundle/Contents/MacOS/GeForceGLDriver
0x00007fff2c32a000 	/System/Library/Extensions/GeForceGLDriver.bundle/Contents/MacOS/libclh.dylib
0x00007fff3a926000 	/System/Library/Frameworks/OpenGL.framework/Versions/A/Resources/GLRendererFloat.bundle/GLRendererFloat
0x00007fff391fa000 	/System/Library/Frameworks/OpenCL.framework/Versions/A/Libraries/libcldcpuengine.dylib
0x00007fff5a139000 	/usr/lib/libcrypto.35.dylib
0x00007fff57770000 	/System/Library/PrivateFrameworks/TrustEvaluationAgent.framework/Versions/A/TrustEvaluationAgent
0x000000012ea9b000 	/Library/Java/JavaVirtualMachines/jdk1.8.0_201.jdk/Contents/Home/jre/lib/libglass.dylib
0x00007fff25300000 	/System/Library/CoreServices/RawCamera.bundle/Contents/MacOS/RawCamera
0x00007fff4f434000 	/System/Library/PrivateFrameworks/MobileAsset.framework/Versions/A/MobileAsset
0x00007fff56d5b000 	/System/Library/PrivateFrameworks/StreamingZip.framework/Versions/A/StreamingZip
0x00007fff34fe9000 	/System/Library/Frameworks/MediaToolbox.framework/Versions/A/MediaToolbox
0x00007fff43e6d000 	/System/Library/PrivateFrameworks/CoreAVCHD.framework/Versions/A/CoreAVCHD
0x00007fff34f2f000 	/System/Library/Frameworks/MediaAccessibility.framework/Versions/A/MediaAccessibility
0x00007fff4ee91000 	/System/Library/PrivateFrameworks/Mangrove.framework/Versions/A/Mangrove
0x00007fff31bdf000 	/System/Library/Frameworks/CoreMedia.framework/Versions/A/CoreMedia
0x00007fff3ca41000 	/System/Library/Frameworks/VideoToolbox.framework/Versions/A/VideoToolbox
0x00007fff43a89000 	/System/Library/PrivateFrameworks/CoreAUC.framework/Versions/A/CoreAUC
0x00007fff5bbc3000 	/usr/lib/libspindump.dylib
0x00007fff41145000 	/System/Library/PrivateFrameworks/AppleVA.framework/Versions/A/AppleVA
0x00007fff2cf5e000 	/System/Library/Frameworks/Accelerate.framework/Versions/A/Frameworks/vImage.framework/Versions/A/Libraries/libCGInterfaces.dylib
0x00007fff46c79000 	/System/Library/PrivateFrameworks/FamilyControls.framework/Versions/A/FamilyControls
0x00007fff435da000 	/System/Library/PrivateFrameworks/CommerceKit.framework/Versions/A/Frameworks/CommerceCore.framework/Versions/A/CommerceCore
0x00007fff570e0000 	/System/Library/PrivateFrameworks/SystemAdministration.framework/Versions/A/SystemAdministration
0x00007fff40a18000 	/System/Library/PrivateFrameworks/AppContainer.framework/Versions/A/AppContainer
0x00007fff40a34000 	/System/Library/PrivateFrameworks/AppSandbox.framework/Versions/A/AppSandbox
0x00007fff54bd2000 	/System/Library/PrivateFrameworks/SecCodeWrapper.framework/Versions/A/SecCodeWrapper
0x00007fff5bb74000 	/usr/lib/libsandbox.1.dylib
0x00007fff598a7000 	/usr/lib/libMatch.1.dylib
0x00007fff45b23000 	/System/Library/PrivateFrameworks/DiskManagement.framework/Versions/A/DiskManagement
0x00007fff32ac2000 	/System/Library/Frameworks/DirectoryService.framework/Versions/A/DirectoryService
0x00007fff45a54000 	/System/Library/PrivateFrameworks/DiskImages.framework/Versions/A/DiskImages
0x00007fff4e767000 	/System/Library/PrivateFrameworks/LoginUIKit.framework/Versions/A/Frameworks/LoginUICore.framework/Versions/A/LoginUICore
0x00007fff5956b000 	/usr/lib/libCoreStorage.dylib
0x00007fff5a434000 	/usr/lib/libcsfde.dylib
0x00007fff5b9f4000 	/usr/lib/libodfde.dylib
0x00007fff4efa9000 	/System/Library/PrivateFrameworks/MediaKit.framework/Versions/A/MediaKit
0x00007fff32ace000 	/System/Library/Frameworks/DiscRecording.framework/Versions/A/DiscRecording
0x00007fff45c95000 	/System/Library/PrivateFrameworks/EFILogin.framework/Versions/A/EFILogin
0x00007fff53160000 	/System/Library/PrivateFrameworks/ProtectedCloudStorage.framework/Versions/A/ProtectedCloudStorage
0x00007fff5a4c6000 	/usr/lib/libcurl.4.dylib
0x00007fff5a333000 	/usr/lib/libcrypto.42.dylib
0x00007fff5be66000 	/usr/lib/libssl.44.dylib
0x00007fff34c76000 	/System/Library/Frameworks/LDAP.framework/Versions/A/LDAP
0x00007fff5bbb0000 	/usr/lib/libsasl2.2.dylib
0x00007fff440c5000 	/System/Library/PrivateFrameworks/CoreDaemon.framework/Versions/B/CoreDaemon
0x00007fff4105a000 	/System/Library/PrivateFrameworks/AppleSRP.framework/Versions/A/AppleSRP
0x00007fff585a9000 	/System/Library/PrivateFrameworks/ViewBridge.framework/Versions/A/ViewBridge
0x0000000130feb000 	/Library/Java/JavaVirtualMachines/jdk1.8.0_201.jdk/Contents/Home/jre/lib/libjavafx_font.dylib
0x00007fff2f251000 	/System/Library/Frameworks/ApplicationServices.framework/Versions/A/Frameworks/ATS.framework/Versions/A/Resources/libTrueTypeScaler.dylib
0x00000001313c1000 	/usr/lib/libobjc-trampolines.dylib
0x00007fff292b9000 	/System/Library/Extensions/AppleIntelHD5000GraphicsMTLDriver.bundle/Contents/MacOS/AppleIntelHD5000GraphicsMTLDriver
0x00007fff2ca09000 	/System/Library/Extensions/GeForceMTLDriver.bundle/Contents/MacOS/GeForceMTLDriver
0x00007fff4a523000 	/System/Library/PrivateFrameworks/GPUCompiler.framework/Versions/3902/Libraries/libmetal_timestamp.dylib
0x0000000131d27000 	/Library/Java/JavaVirtualMachines/jdk1.8.0_201.jdk/Contents/Home/jre/lib/libawt.dylib
0x0000000131fcc000 	/Library/Java/JavaVirtualMachines/jdk1.8.0_201.jdk/Contents/Home/jre/lib/./libmlib_image.dylib
0x00007fff34c45000 	/System/Library/Frameworks/JavaVM.framework/Versions/A/Frameworks/JavaNativeFoundation.framework/Versions/A/JavaNativeFoundation
0x00007fff34c4e000 	/System/Library/Frameworks/JavaVM.framework/Versions/A/Frameworks/JavaRuntimeSupport.framework/Versions/A/JavaRuntimeSupport
0x00007fff34c57000 	/System/Library/Frameworks/JavaVM.framework/Versions/A/JavaVM
0x00007fff4e440000 	/System/Library/PrivateFrameworks/JavaLaunching.framework/Versions/A/JavaLaunching
0x00007fff2fe02000 	/System/Library/Frameworks/Carbon.framework/Versions/A/Carbon
0x00007fff2fe03000 	/System/Library/Frameworks/Carbon.framework/Versions/A/Frameworks/CommonPanels.framework/Versions/A/CommonPanels
0x00007fff300fe000 	/System/Library/Frameworks/Carbon.framework/Versions/A/Frameworks/Help.framework/Versions/A/Help
0x00007fff30102000 	/System/Library/Frameworks/Carbon.framework/Versions/A/Frameworks/ImageCapture.framework/Versions/A/ImageCapture
0x00007fff3019e000 	/System/Library/Frameworks/Carbon.framework/Versions/A/Frameworks/OpenScripting.framework/Versions/A/OpenScripting
0x00007fff301d6000 	/System/Library/Frameworks/Carbon.framework/Versions/A/Frameworks/Print.framework/Versions/A/Print
0x00007fff301d8000 	/System/Library/Frameworks/Carbon.framework/Versions/A/Frameworks/SecurityHI.framework/Versions/A/SecurityHI
0x0000000131c26000 	/Library/Java/JavaVirtualMachines/jdk1.8.0_201.jdk/Contents/Home/jre/lib/libawt_lwawt.dylib
0x0000000131dd0000 	/Library/Java/JavaVirtualMachines/jdk1.8.0_201.jdk/Contents/Home/jre/lib/./libosxapp.dylib
0x00007fff32d46000 	/System/Library/Frameworks/ExceptionHandling.framework/Versions/A/ExceptionHandling

VM Arguments:
jvm_args: -Dfile.encoding=UTF-8 
java_command: org.openjfx.MainApp
java_class_path (initial): /Users/aricci/Development/Workspace-NewEclipse/cartago/bin/jaca:/Users/aricci/Development/Workspace-NewEclipse/cartago/bin/main:/Users/aricci/Development/Workspace-NewEclipse/cartago/bin/test:/Users/aricci/Development/Workspace-NewEclipse/cartago/bin/default:/Users/aricci/.gradle/caches/modules-2/files-2.1/org.jason-lang/jason/2.4-SNAPSHOT/1c56925850aeb8865d61596a49ff66102d538a00/jason-2.4-SNAPSHOT.jar:/Users/aricci/.gradle/caches/modules-2/files-2.1/io.vertx/vertx-sync/3.7.0/80eba3ba22f922261a1854d65a86d4101e8b6674/vertx-sync-3.7.0.jar:/Users/aricci/.gradle/caches/modules-2/files-2.1/io.vertx/vertx-unit/3.7.0/440a76052bca7b1b9967228c4991614ab4a30966/vertx-unit-3.7.0.jar:/Users/aricci/.gradle/caches/modules-2/files-2.1/io.vertx/vertx-web/3.7.0/cd8335ec1ca7b032631f0c2dfe571fb941ff38ed/vertx-web-3.7.0.jar:/Users/aricci/.gradle/caches/modules-2/files-2.1/io.vertx/vertx-web-client/3.7.0/76c89515a108e52600be1c9cb779f2119f6176c4/vertx-web-client-3.7.0.jar:/Users/aricci/.gradle/caches/modules-2/files-2.1/io.vertx/vertx-web-common/3.7.0/d3a7ac47a80179601a0ec40ba6103766758f6e10/vertx-web-common-3.7.0.jar:/Users/aricci/.gradle/caches/modules-2/files-2.1/io.vertx/vertx-auth-common/3.7.0/76c12caa061867f04a4521597a66a04e290d2815/vertx-auth-common-3.7.0.jar:/Users/aricci/.gradle/caches/modules-2/files-2.1/io.vertx/vertx-core/3.7.0/1acb279b3b87d07136e41cadb67d8805678d2e75/vertx-core-3.7.0.jar:/Users/aricci/.gradle/caches/modules-2/files-2.1/com.fasterxml.jackson.core/jackson-databind/2.9.8/11283f21cc480aa86c4df7a0a3243ec508372ed2/jackson-databind-2.9.8.jar:/Users/aricci/.gradle/caches/modules-2/files-2.1/org.openjfx/javafx-fxml/12.0.2/98dca7c6880c7536343ffd83ef8449c2892afebb/javafx-fxml-12.0.2-mac.jar:/Users/aricci/.gradle/caches/modules-2/files-2.1/org.openjfx/javafx-controls/12.0.2/ae69a0ca9c71ef8717734c6a3f7d31461aac4ece/javafx-controls-12.0.2-mac.jar:/Users/aricci/.gradle/caches/modules-2/files-2.1/org.openjfx/javafx-controls/12.0.2/16234938121962d
Launcher Type: SUN_STANDARD

Environment Variables:
PATH=/usr/bin:/bin:/usr/sbin:/sbin
SHELL=/bin/bash

Signal Handlers:
SIGSEGV: [libjvm.dylib+0x5b723d], sa_mask[0]=11111111011111110111111111111111, sa_flags=SA_ONSTACK|SA_RESTART|SA_SIGINFO
SIGBUS: [libjvm.dylib+0x5b723d], sa_mask[0]=11111111011111110111111111111111, sa_flags=SA_RESTART|SA_SIGINFO
SIGFPE: [libjvm.dylib+0x48c9bc], sa_mask[0]=11111111011111110111111111111111, sa_flags=SA_RESTART|SA_SIGINFO
SIGPIPE: [libjvm.dylib+0x48c9bc], sa_mask[0]=11111111011111110111111111111111, sa_flags=SA_RESTART|SA_SIGINFO
SIGXFSZ: [libjvm.dylib+0x48c9bc], sa_mask[0]=11111111011111110111111111111111, sa_flags=SA_RESTART|SA_SIGINFO
SIGILL: [libjvm.dylib+0x48c9bc], sa_mask[0]=11111111011111110111111111111111, sa_flags=SA_RESTART|SA_SIGINFO
SIGUSR1: SIG_DFL, sa_mask[0]=00000000000000000000000000000000, sa_flags=none
SIGUSR2: [libjvm.dylib+0x48c4da], sa_mask[0]=00100000000000000000000000000000, sa_flags=SA_RESTART|SA_SIGINFO
SIGHUP: [libjvm.dylib+0x48aa65], sa_mask[0]=11111111011111110111111111111111, sa_flags=SA_RESTART|SA_SIGINFO
SIGINT: [libjvm.dylib+0x48aa65], sa_mask[0]=11111111011111110111111111111111, sa_flags=SA_RESTART|SA_SIGINFO
SIGTERM: [libjvm.dylib+0x48aa65], sa_mask[0]=11111111011111110111111111111111, sa_flags=SA_RESTART|SA_SIGINFO
SIGQUIT: [libjvm.dylib+0x48aa65], sa_mask[0]=11111111011111110111111111111111, sa_flags=SA_RESTART|SA_SIGINFO


---------------  S Y S T E M  ---------------

OS:Bsduname:Darwin 18.6.0 Darwin Kernel Version 18.6.0: Thu Apr 25 23:16:27 PDT 2019; root:xnu-4903.261.4~2/RELEASE_X86_64 x86_64
rlimit: STACK 8192k, CORE 0k, NPROC 1418, NOFILE 10240, AS infinity
load average:2.54 2.38 2.34

CPU:total 8 (initial active 8) (4 cores per cpu, 2 threads per core) family 6 model 70 stepping 1, cmov, cx8, fxsr, mmx, sse, sse2, sse3, ssse3, sse4.1, sse4.2, popcnt, avx, avx2, aes, clmul, erms, lzcnt, ht, tsc, tscinvbit, bmi1, bmi2

Memory: 4k page, physical 16777216k(301508k free)

/proc/meminfo:


vm_info: Java HotSpot(TM) 64-Bit Server VM (25.201-b09) for bsd-amd64 JRE (1.8.0_201-b09), built on Dec 15 2018 18:35:23 by "java_re" with gcc 4.2.1 (Based on Apple Inc. build 5658) (LLVM build 2336.11.00)

time: Wed Aug 14 16:39:20 2019
timezone: CEST
elapsed time: 9 seconds (0d 0h 0m 9s)

