This is pdfTeX, Version 3.14159265-2.6-1.40.16 (TeX Live 2015) (preloaded format=pdflatex 2015.10.5)  11 JUL 2016 22:10
entering extended mode
 restricted \write18 enabled.
 file:line:error style messages enabled.
 %&-line parsing enabled.
**cartago_by_examples.tex
(./cartago_by_examples.tex
LaTeX2e <2015/01/01>
Babel <3.9l> and hyphenation patterns for 79 languages loaded.
(/usr/local/texlive/2015/texmf-dist/tex/latex/base/report.cls
Document Class: report 2014/09/29 v1.4h Standard LaTeX document class
(/usr/local/texlive/2015/texmf-dist/tex/latex/base/size11.clo
File: size11.clo 2014/09/29 v1.4h Standard LaTeX file (size option)
)
\c@part=\count79
\c@chapter=\count80
\c@section=\count81
\c@subsection=\count82
\c@subsubsection=\count83
\c@paragraph=\count84
\c@subparagraph=\count85
\c@figure=\count86
\c@table=\count87
\abovecaptionskip=\skip41
\belowcaptionskip=\skip42
\bibindent=\dimen102
)
(./cartago_by_examples.aux)
\openout1 = `cartago_by_examples.aux'.

LaTeX Font Info:    Checking defaults for OML/cmm/m/it on input line 90.
LaTeX Font Info:    ... okay on input line 90.
LaTeX Font Info:    Checking defaults for T1/cmr/m/n on input line 90.
LaTeX Font Info:    ... okay on input line 90.
LaTeX Font Info:    Checking defaults for OT1/cmr/m/n on input line 90.
LaTeX Font Info:    ... okay on input line 90.
LaTeX Font Info:    Checking defaults for OMS/cmsy/m/n on input line 90.
LaTeX Font Info:    ... okay on input line 90.
LaTeX Font Info:    Checking defaults for OMX/cmex/m/n on input line 90.
LaTeX Font Info:    ... okay on input line 90.
LaTeX Font Info:    Checking defaults for U/cmr/m/n on input line 90.
LaTeX Font Info:    ... okay on input line 90.


LaTeX Font Warning: Font shape `OT1/cmss/m/it' in size <12> not available
(Font)              Font shape `OT1/cmss/m/sl' tried instead on input line 92.

LaTeX Font Info:    External font `cmex10' loaded for size
(Font)              <12> on input line 92.
LaTeX Font Info:    External font `cmex10' loaded for size
(Font)              <8> on input line 92.
LaTeX Font Info:    External font `cmex10' loaded for size
(Font)              <6> on input line 92.
[1

{/usr/local/texlive/2015/texmf-var/fonts/map/pdftex/updmap/pdftex.map}]
(./cartago_by_examples.toc
LaTeX Font Info:    External font `cmex10' loaded for size
(Font)              <10.95> on input line 3.
)
\tf@toc=\write3
\openout3 = `cartago_by_examples.toc'.

 [1

]
Chapter 1.

LaTeX Font Warning: Font shape `OT1/cmss/m/it' in size <10.95> not available
(Font)              Font shape `OT1/cmss/m/sl' tried instead on input line 101.


LaTeX Font Info:    Try loading font information for OMS+cmr on input line 108.

(/usr/local/texlive/2015/texmf-dist/tex/latex/base/omscmr.fd
File: omscmr.fd 2014/09/29 v2.5h Standard LaTeX font definitions
)
LaTeX Font Info:    Font shape `OMS/cmr/m/n' in size <10.95> not available
(Font)              Font shape `OMS/cmsy/m/n' tried instead on input line 108.
 [2

]
Underfull \hbox (badness 2486) in paragraph at lines 128--132
[][] \OT1/cmr/m/n/10.95 ar-ti-fact ([]) --- pro-vides
 []

[3] [4]
Chapter 2.

Underfull \hbox (badness 10000) in paragraph at lines 209--212
\OT1/cmr/m/n/10.95 The dec-la-ra-tions [] and
 []


Underfull \hbox (badness 3942) in paragraph at lines 209--212
[] \OT1/cmr/m/n/10.95 are fixed, and spec-ify that the
 []

[5

] [6] [7]
Underfull \hbox (badness 10000) in paragraph at lines 306--308
[]\OT1/cmr/m/it/10.95 Artifact dis-posal \OT1/cmr/m/n/10.95 -- To dis-pose an a
rte-fact, the ac-tion
 []

[8]
Underfull \hbox (badness 2600) in paragraph at lines 373--377
[][] \OT1/cmr/m/n/10.95 --
 []

[9] [10]
Underfull \hbox (badness 10000) in paragraph at lines 445--448
[][]\OT1/cmr/m/n/10.95 , [],
 []


Underfull \hbox (badness 10000) in paragraph at lines 445--448
[]\OT1/cmr/m/n/10.95 , [] -- pro-vide
 []


Underfull \hbox (badness 10000) in paragraph at lines 457--459
[][]\OT1/cmr/m/n/10.95 , [],
 []


Underfull \hbox (badness 10000) in paragraph at lines 457--459
[]\OT1/cmr/m/n/10.95 , [] -- pro-vide
 []

[11] [12]
Overfull \hbox (107.24593pt too wide) in paragraph at lines 546--546
[]\OT1/cmtt/m/n/10 -!use(Counter) [error_msg(Msg),env_failure_reason(inc_failed
("max_value_reached",Value))][] 
 []

[13] [14] [15]
Overfull \hbox (2.24684pt too wide) in paragraph at lines 662--662
[]    \OT1/cmtt/m/n/10 classpath: "../../../lib/cartago.jar";"../../../lib/c4ja
son.jar";[] 
 []

[16] [17] [18]
Overfull \hbox (2.24684pt too wide) in paragraph at lines 801--801
[]    \OT1/cmtt/m/n/10 classpath: "../../../lib/cartago.jar";"../../../lib/c4ja
son.jar";[] 
 []

[19]
Underfull \hbox (badness 2846) in paragraph at lines 835--839
\OT1/cmr/m/n/10.95 In [] first we do some work, then we gen-er-ate a sig-nal
 []

[20] [21] [22]
Overfull \hbox (2.24684pt too wide) in paragraph at lines 983--983
[]    \OT1/cmtt/m/n/10 classpath: "../../../lib/cartago.jar";"../../../lib/c4ja
son.jar";[] 
 []

[23] [24] [25] [26] [27] [28]
Overfull \hbox (17.9967pt too wide) in paragraph at lines 1313--1313
[]      \OT1/cmtt/m/n/10 InetAddress address = InetAddress.getByName(fullAddres
s.substring([] 
 []


Overfull \hbox (59.99634pt too wide) in paragraph at lines 1313--1313
[]  \OT1/cmtt/m/n/10 void receiveMsg(OpFeedbackParam<String> msg, OpFeedbackPar
am<String> sender) {[] 
 []

[29] [30]
Underfull \hbox (badness 2671) in paragraph at lines 1316--1317
\OT1/cmr/m/n/10.95 The [] im-ple-ments a block-ing com-mand -- im-ple-ment-ing 
the
 []

[31]
Underfull \hbox (badness 10000) in paragraph at lines 1357--1362
[]\OT1/cmr/m/n/10.95 To make it eas-ier GUI ar-ti-fact de-vel-op-ment, a
 []

[32] [33] [34]
Overfull \hbox (2.24684pt too wide) in paragraph at lines 1495--1495
[]    \OT1/cmtt/m/n/10 classpath: "../../../lib/cartago.jar";"../../../lib/c4ja
son.jar";[] 
 []


Overfull \hbox (23.24666pt too wide) in paragraph at lines 1559--1559
[]        \OT1/cmtt/m/n/10 new BufferedReader(new InputStreamReader(proc.getInp
utStream()));[] 
 []

[35]
Overfull \hbox (12.74675pt too wide) in paragraph at lines 1559--1559
[]        \OT1/cmtt/m/n/10 Runtime.getRuntime().exec(new String[]{"traceroute",
 address});[] 
 []


Overfull \hbox (44.24648pt too wide) in paragraph at lines 1559--1559
[]              \OT1/cmtt/m/n/10 String ipAddress = tokens[3].substring(1,token
s[3].length()-1);[] 
 []


Overfull \hbox (49.49643pt too wide) in paragraph at lines 1559--1559
[]              \OT1/cmtt/m/n/10 signal("hop",num,logicalAddress,ipAddress,dela
y1,delay2,delay3);[] 
 []


Underfull \hbox (badness 3343) in paragraph at lines 1565--1570
[]\OT1/cmr/m/n/10.95 For com-mands like [] -- which are short-term, gen-er-at-
 []


Underfull \hbox (badness 1199) in paragraph at lines 1565--1570
\OT1/cmr/m/n/10.95 ing a sin-gle out-put -- it is more ef-fec-tive to en-code t
he out-
 []

[36]
Overfull \hbox (43.7558pt too wide) in paragraph at lines 1626--1626
[]\OT1/cmtt/m/n/8 [ shell_user ] uid=501(aricci) gid=20(staff) groups=20(staff)
,204(_developer),100(_lpoperator),[] 
 []


Overfull \hbox (69.25616pt too wide) in paragraph at lines 1626--1626
[]                        \OT1/cmtt/m/n/8 98(_lpadmin),81(_appserveradm),80(adm
in),79(_appserverusr),61(localaccounts),[] 
 []


Overfull \hbox (90.50647pt too wide) in paragraph at lines 1626--1626
[]                        \OT1/cmtt/m/n/8 12(everyone),402(com.apple.sharepoint
.group.1),401(com.apple.access_screensharing)[] 
 []


Overfull \hbox (82.00635pt too wide) in paragraph at lines 1626--1626
[]\OT1/cmtt/m/n/8 [ shell_user ] 3 host137-230-static.44-88-b.business.telecomi
talia.it (88.44.230.137) 41.94 41.86 41.378[] 
 []


Overfull \hbox (14.00537pt too wide) in paragraph at lines 1626--1626
[]\OT1/cmtt/m/n/8 [ shell_user ] 7 te1-15-2-0.milano26.mil.seabone.net (195.22.
196.113) 49.46 50.212 49.44[] 
 []


Overfull \hbox (9.75531pt too wide) in paragraph at lines 1626--1626
[]\OT1/cmtt/m/n/8 [ shell_user ] 8 xe-3-0-0.franco31.fra.seabone.net (195.22.21
1.223) 58.309 58.737 83.66[] 
 []


Overfull \hbox (26.75555pt too wide) in paragraph at lines 1626--1626
[]\OT1/cmtt/m/n/8 [ shell_user ] 9 acr1-ge-4-1-0.frankfurtfrx.savvis.net (80.81
.192.128) 63.671 63.114 64.246[] 
 []


Overfull \hbox (39.50574pt too wide) in paragraph at lines 1626--1626
[]\OT1/cmtt/m/n/8 [ shell_user ] 10 cr1-te-0-8-1-0.frankfurtft3.savvis.net (204
.70.206.153) 61.415 62.124 61.768[] 
 []


Overfull \hbox (31.00562pt too wide) in paragraph at lines 1626--1626
[]\OT1/cmtt/m/n/8 [ shell_user ] 11 cr1-bundle-pos2.chicago.savvis.net (204.70.
200.89) 165.637 165.833 165.797[] 
 []


Overfull \hbox (39.50574pt too wide) in paragraph at lines 1626--1626
[]\OT1/cmtt/m/n/8 [ shell_user ] 12 hr1-te-12-0-1.elkgrovech3.savvis.net (204.7
0.198.73) 171.554 171.149 171.351[] 
 []

[37] [38] [39]
Overfull \hbox (49.49643pt too wide) in paragraph at lines 1743--1743
[]               \OT1/cmtt/m/n/10 "c4jexamples.LinkableArtifact", ArtifactConfi
g.DEFAULT_CONFIG);[] 
 []


Overfull \hbox (2.24684pt too wide) in paragraph at lines 1778--1778
[]  \OT1/cmtt/m/n/10 <- makeArtifact("myArtifact","c4jexamples.LinkingArtifact"
,[],Id1);[] 
 []

[40]
LaTeX Font Info:    Try loading font information for OMS+cmtt on input line 180
0.
LaTeX Font Info:    No file OMScmtt.fd. on input line 1800.


LaTeX Font Warning: Font shape `OMS/cmtt/m/n' undefined
(Font)              using `OMS/cmsy/m/n' instead
(Font)              for symbol `textbraceleft' on input line 1800.


Underfull \hbox (badness 1264) in paragraph at lines 1800--1801
[][] \OT1/cmr/m/n/10.95 -- call a
 []

[41] [42]
Underfull \hbox (badness 5924) in paragraph at lines 1881--1881
[]\OT1/cmr/bx/n/14.4 Example 10 - Work-ing with Mul-ti-ple
 []


Overfull \hbox (2.24684pt too wide) in paragraph at lines 1898--1898
[]    \OT1/cmtt/m/n/10 classpath: "../../../lib/cartago.jar";"../../../lib/c4ja
son.jar";[] 
 []

[43]
Underfull \hbox (badness 10000) in paragraph at lines 1945--1946
[]\OT1/cmr/m/it/10.95 Actions on workspaces \OT1/cmr/m/n/10.95 -- Ac-tions on w
orkspaces in-clude
 []

[44]
Underfull \hbox (badness 10000) in paragraph at lines 1952--1952
[]\OT1/cmr/bx/n/14.4 Example 11 - Work-ing in Re-mote
 []

[45] [46]
Underfull \hbox (badness 10000) in paragraph at lines 2051--2054
[][]
 []


Underfull \hbox (badness 10000) in paragraph at lines 2051--2054
[]
 []


Underfull \hbox (badness 1226) in paragraph at lines 2051--2054
\OT1/cmr/m/n/10.95 anal-o-gous to the de-fault in-stal-la-tion ex-cept for the 
dec-la-
 []


Underfull \hbox (badness 1762) in paragraph at lines 2051--2054
\OT1/cmr/m/n/10.95 ra-tion of one (or more) in-fras-truc-ture lay-ers that spec
-ify
 []


Underfull \hbox (badness 10000) in paragraph at lines 2056--2058
[][]
 []


Overfull \hbox (0.96245pt too wide) in paragraph at lines 2056--2058
[] 
 []


Underfull \hbox (badness 2726) in paragraph at lines 2059--2060
[]\OT1/cmr/m/n/10.95 installs a [] node ac-ces-si-ble through the net-work.
 []


Underfull \hbox (badness 1688) in paragraph at lines 2059--2060
\OT1/cmr/m/n/10.95 other ser-vice pro-to-cols can be in-stalled spec-i-fy-ing o
ne or
 []


Underfull \hbox (badness 3271) in paragraph at lines 2059--2060
\OT1/cmr/m/n/10.95 more [] at-tributes. RMI is in-stalled as the de-
 []


Underfull \hbox (badness 3977) in paragraph at lines 2059--2060
\OT1/cmr/m/n/10.95 to-cols can be in-stalled as well us-ing the [] at-
 []


Underfull \hbox (badness 10000) in paragraph at lines 2062--2065
[][]
 []


Overfull \hbox (0.96245pt too wide) in paragraph at lines 2062--2065
[]
 []

[47]
Underfull \hbox (badness 10000) in paragraph at lines 2076--2076
[]\OT1/cmr/bx/n/14.4 Example 11a - Work-ing in Re-mote
 []

[48] [49] [50] [51] [52] [53]
No file cartago_by_examples.bbl.
[54] (./cartago_by_examples.aux)

LaTeX Font Warning: Some font shapes were not available, defaults substituted.

 ) 
Here is how much of TeX's memory you used:
 363 strings out of 493089
 4014 string characters out of 6134842
 59199 words of memory out of 5000000
 3905 multiletter control sequences out of 15000+600000
 12713 words of font info for 45 fonts, out of 8000000 for 9000
 1141 hyphenation exceptions out of 8191
 23i,7n,19p,579b,285s stack positions out of 5000i,500n,10000p,200000b,80000s
</usr/local/texlive/2015/texmf-dist/fonts/type1/public/amsfonts/cm/cmbx10.pfb
></usr/local/texlive/2015/texmf-dist/fonts/type1/public/amsfonts/cm/cmbx12.pfb>
</usr/local/texlive/2015/texmf-dist/fonts/type1/public/amsfonts/cm/cmitt10.pfb>
</usr/local/texlive/2015/texmf-dist/fonts/type1/public/amsfonts/cm/cmr10.pfb></
usr/local/texlive/2015/texmf-dist/fonts/type1/public/amsfonts/cm/cmr12.pfb></us
r/local/texlive/2015/texmf-dist/fonts/type1/public/amsfonts/cm/cmss10.pfb></usr
/local/texlive/2015/texmf-dist/fonts/type1/public/amsfonts/cm/cmss12.pfb></usr/
local/texlive/2015/texmf-dist/fonts/type1/public/amsfonts/cm/cmss17.pfb></usr/l
ocal/texlive/2015/texmf-dist/fonts/type1/public/amsfonts/cm/cmssi10.pfb></usr/l
ocal/texlive/2015/texmf-dist/fonts/type1/public/amsfonts/cm/cmssi12.pfb></usr/l
ocal/texlive/2015/texmf-dist/fonts/type1/public/amsfonts/cm/cmsy10.pfb></usr/lo
cal/texlive/2015/texmf-dist/fonts/type1/public/amsfonts/cm/cmti10.pfb></usr/loc
al/texlive/2015/texmf-dist/fonts/type1/public/amsfonts/cm/cmtt10.pfb></usr/loca
l/texlive/2015/texmf-dist/fonts/type1/public/amsfonts/cm/cmtt8.pfb>
Output written on cartago_by_examples.pdf (55 pages, 240607 bytes).
PDF statistics:
 239 PDF objects out of 1000 (max. 8388607)
 166 compressed objects within 2 object streams
 0 named destinations out of 1000 (max. 500000)
 1 words of extra memory for PDF output out of 10000 (max. 10000000)

